<?xml version="1.0" encoding="UTF-8"?>
<!-- Generated by org.testng.reporters.JUnitReportReporter -->
<testsuite hostname="DESKTOP-EFR18P0" failures="0" tests="6" name="TestNG.SUSTAINABILITY" time="82.402" errors="0" timestamp="2021-12-14T11:58:31 IST" skipped="0">
  <testcase classname="TestNG.SUSTAINABILITY" name="e_FarmerFeedback" time="71.138"/>
  <system-out/>
  <testcase classname="TestNG.SUSTAINABILITY" name="c_EcoFriendly" time="4.582"/>
  <system-out/>
  <testcase classname="TestNG.SUSTAINABILITY" name="f_CarbonNatural" time="3.036"/>
  <system-out/>
  <testcase classname="TestNG.SUSTAINABILITY" name="a_getlist" time="0.141"/>
  <system-out/>
  <testcase classname="TestNG.SUSTAINABILITY" name="d_BeanForBean" time="3.291"/>
  <system-out/>
  <testcase classname="TestNG.SUSTAINABILITY" name="b_CoffeeStories" time="0.214"/>
  <system-out/>
</testsuite> <!-- TestNG.SUSTAINABILITY -->
