<?xml version="1.0" encoding="UTF-8"?>
<!-- Generated by org.testng.reporters.JUnitReportReporter -->
<testsuite hostname="DESKTOP-EFR18P0" failures="0" tests="6" name="TestNG.About" time="39.978" errors="0" timestamp="2021-12-14T10:40:52 IST" skipped="0">
  <testcase classname="TestNG.About" name="e_CoffeeCadmy" time="4.216"/>
  <system-out/>
  <testcase classname="TestNG.About" name="f_AccessReviews" time="10.833"/>
  <system-out/>
  <testcase classname="TestNG.About" name="b_AboutUs" time="7.026"/>
  <system-out/>
  <testcase classname="TestNG.About" name="c_OurStory" time="3.878"/>
  <system-out/>
  <testcase classname="TestNG.About" name="g_PressKit" time="13.846"/>
  <system-out/>
  <testcase classname="TestNG.About" name="a_About" time="0.179"/>
  <system-out/>
</testsuite> <!-- TestNG.About -->
