<?xml version="1.0" encoding="UTF-8"?>
<!-- Generated by org.testng.reporters.JUnitReportReporter -->
<testsuite hostname="DESKTOP-EFR18P0" failures="0" tests="6" name="TestNG.About" time="34.318" errors="0" timestamp="2021-12-14T11:30:18 IST" skipped="0">
  <testcase classname="TestNG.About" name="g_PressKit" time="9.956"/>
  <system-out/>
  <testcase classname="TestNG.About" name="c_OurStory" time="4.521"/>
  <system-out/>
  <testcase classname="TestNG.About" name="b_AboutUs" time="5.028"/>
  <system-out/>
  <testcase classname="TestNG.About" name="e_CoffeeCadmy" time="3.780"/>
  <system-out/>
  <testcase classname="TestNG.About" name="f_AccessReviews" time="10.942"/>
  <system-out/>
  <testcase classname="TestNG.About" name="a_About" time="0.091"/>
  <system-out/>
</testsuite> <!-- TestNG.About -->
