<?xml version="1.0" encoding="UTF-8"?>
<!-- Generated by org.testng.reporters.JUnitReportReporter -->
<testsuite hostname="DESKTOP-EFR18P0" failures="0" tests="7" name="TestNG.SUSTAINABILITY" time="76.248" errors="0" timestamp="2021-12-14T10:40:52 IST" skipped="0">
  <testcase classname="TestNG.SUSTAINABILITY" name="b_CoffeeStories" time="0.216"/>
  <system-out/>
  <testcase classname="TestNG.SUSTAINABILITY" name="e_FarmerFeedback" time="50.234"/>
  <system-out/>
  <testcase classname="TestNG.SUSTAINABILITY" name="c_EcoFriendly" time="6.035"/>
  <system-out/>
  <testcase classname="TestNG.SUSTAINABILITY" name="a_getlist" time="0.187"/>
  <system-out/>
  <testcase classname="TestNG.SUSTAINABILITY" name="f_CarbonNatural" time="7.752"/>
  <system-out/>
  <testcase classname="TestNG.SUSTAINABILITY" name="d_BeanForBean" time="4.233"/>
  <system-out/>
  <testcase classname="TestNG.SUSTAINABILITY" name="g_PriceTrabsparency" time="7.591"/>
  <system-out/>
</testsuite> <!-- TestNG.SUSTAINABILITY -->
