<?xml version="1.0" encoding="UTF-8"?>
<!-- Generated by org.testng.reporters.JUnitReportReporter -->
<testsuite hostname="DESKTOP-EFR18P0" failures="0" tests="7" name="TestNG.Shop" time="60.955" errors="0" timestamp="2021-12-14T10:40:52 IST" skipped="0">
  <testcase classname="TestNG.Shop" name="e_CoffeeGear" time="6.410"/>
  <system-out/>
  <testcase classname="TestNG.Shop" name="b_Subscription" time="7.641"/>
  <system-out/>
  <testcase classname="TestNG.Shop" name="a_getlist" time="0.166"/>
  <system-out/>
  <testcase classname="TestNG.Shop" name="d_ColdBrew" time="6.110"/>
  <system-out/>
  <testcase classname="TestNG.Shop" name="f_VirtualTest" time="17.312"/>
  <system-out/>
  <testcase classname="TestNG.Shop" name="g_ExplorerKit" time="10.302"/>
  <system-out/>
  <testcase classname="TestNG.Shop" name="c_SingleBags" time="13.014"/>
  <system-out/>
</testsuite> <!-- TestNG.Shop -->
