<?xml version="1.0" encoding="UTF-8"?>
<!-- Generated by org.testng.reporters.JUnitReportReporter -->
<testsuite hostname="DESKTOP-EFR18P0" failures="0" tests="6" name="TestNG.Gift" time="22.452" errors="0" timestamp="2021-12-14T10:40:52 IST" skipped="0">
  <testcase classname="TestNG.Gift" name="a_getlist" time="0.160"/>
  <system-out/>
  <testcase classname="TestNG.Gift" name="e_ExplorerKit" time="3.049"/>
  <system-out/>
  <testcase classname="TestNG.Gift" name="f_recieved" time="3.196"/>
  <system-out/>
  <testcase classname="TestNG.Gift" name="c_SingleBag" time="6.737"/>
  <system-out/>
  <testcase classname="TestNG.Gift" name="d_Virtual" time="4.845"/>
  <system-out/>
  <testcase classname="TestNG.Gift" name="b_subscription" time="4.465"/>
  <system-out/>
</testsuite> <!-- TestNG.Gift -->
