<?xml version="1.0" encoding="UTF-8"?>
<!-- Generated by org.testng.reporters.JUnitReportReporter -->
<testsuite hostname="DESKTOP-EFR18P0" failures="0" tests="2" name="TestNG.Help" time="5.409" errors="0" timestamp="2021-12-14T10:40:52 IST" skipped="0">
  <testcase classname="TestNG.Help" name="a_Help" time="0.064"/>
  <system-out/>
  <testcase classname="TestNG.Help" name="b_HelpCenter" time="5.345"/>
  <system-out/>
</testsuite> <!-- TestNG.Help -->
