<?xml version="1.0" encoding="UTF-8"?>
<!-- Generated by org.testng.reporters.JUnitReportReporter -->
<testsuite hostname="DESKTOP-EFR18P0" failures="0" tests="2" name="TestNG.view_coffee" time="31.659" errors="0" timestamp="2021-12-14T10:40:52 IST" skipped="0">
  <testcase classname="TestNG.view_coffee" name="b" time="1.870"/>
  <system-out/>
  <testcase classname="TestNG.view_coffee" name="a" time="29.789"/>
  <system-out/>
</testsuite> <!-- TestNG.view_coffee -->
