<?xml version="1.0" encoding="UTF-8"?>
<!-- Generated by org.testng.reporters.JUnitReportReporter -->
<testsuite hostname="DESKTOP-EFR18P0" failures="0" tests="11" name="TestNG.login" time="88.457" errors="0" timestamp="2021-12-14T10:40:52 IST" skipped="0">
  <testcase classname="TestNG.login" name="b_Dashboard" time="11.213"/>
  <system-out/>
  <testcase classname="TestNG.login" name="f_Orders" time="2.530"/>
  <system-out/>
  <testcase classname="TestNG.login" name="k_ReferFriends" time="6.477"/>
  <system-out/>
  <testcase classname="TestNG.login" name="c_shippingAddress" time="24.039"/>
  <system-out/>
  <testcase classname="TestNG.login" name="g_ColdBrew" time="1.806"/>
  <system-out/>
  <testcase classname="TestNG.login" name="a_login" time="15.240"/>
  <system-out/>
  <testcase classname="TestNG.login" name="j_UserDetails" time="2.604"/>
  <system-out/>
  <testcase classname="TestNG.login" name="e_Subscription" time="4.260"/>
  <system-out/>
  <testcase classname="TestNG.login" name="i_SavedCards" time="4.134"/>
  <system-out/>
  <testcase classname="TestNG.login" name="h_MyPoints" time="1.899"/>
  <system-out/>
  <testcase classname="TestNG.login" name="d_Billingaddress" time="14.255"/>
  <system-out/>
</testsuite> <!-- TestNG.login -->
