<?xml version="1.0" encoding="UTF-8"?>
<!-- Generated by org.testng.reporters.JUnitReportReporter -->
<testsuite hostname="DESKTOP-EFR18P0" failures="0" tests="7" name="TestNG.Shop" time="36.024" errors="0" timestamp="2021-12-14T11:30:18 IST" skipped="0">
  <testcase classname="TestNG.Shop" name="f_VirtualTest" time="4.739"/>
  <system-out/>
  <testcase classname="TestNG.Shop" name="e_CoffeeGear" time="4.155"/>
  <system-out/>
  <testcase classname="TestNG.Shop" name="a_getlist" time="0.159"/>
  <system-out/>
  <testcase classname="TestNG.Shop" name="g_ExplorerKit" time="4.629"/>
  <system-out/>
  <testcase classname="TestNG.Shop" name="c_SingleBags" time="10.681"/>
  <system-out/>
  <testcase classname="TestNG.Shop" name="b_Subscription" time="7.123"/>
  <system-out/>
  <testcase classname="TestNG.Shop" name="d_ColdBrew" time="4.538"/>
  <system-out/>
</testsuite> <!-- TestNG.Shop -->
